<?xml version="1.0" encoding="UTF-8"?>
<!-- Generated by org.testng.reporters.JUnitReportReporter -->
<testsuite hostname="LAPTOP-U7M65HQ6" failures="0" tests="1" name="IrisRodriguez.script3" time="21.876" errors="0" timestamp="17 ene 2023 17:33:02 GMT" skipped="0">
  <testcase classname="IrisRodriguez.script3" name="ShoppingHome" time="21.876"/>
</testsuite> <!-- IrisRodriguez.script3 -->
