<?xml version="1.0" encoding="UTF-8"?>
<!-- Generated by org.testng.reporters.JUnitReportReporter -->
<testsuite hostname="LAPTOP-U7M65HQ6" failures="0" tests="1" name="IrisRodriguez.script2" time="96.086" errors="0" timestamp="17 ene 2023 17:41:42 GMT" skipped="0">
  <testcase classname="IrisRodriguez.script2" name="ShoppingHome" time="96.086"/>
</testsuite> <!-- IrisRodriguez.script2 -->
