<?xml version="1.0" encoding="UTF-8"?>
<!-- Generated by org.testng.reporters.JUnitReportReporter -->
<testsuite hostname="LAPTOP-U7M65HQ6" failures="0" tests="1" name="IrisRodriguez.scrip1" time="55.346" errors="0" timestamp="17 ene 2023 16:57:37 GMT" skipped="0">
  <testcase classname="IrisRodriguez.scrip1" name="ShoppingHome" time="55.346"/>
</testsuite> <!-- IrisRodriguez.scrip1 -->
