<?xml version="1.0" encoding="UTF-8"?>
<!-- Generated by org.testng.reporters.JUnitReportReporter -->
<testsuite hostname="DESKTOP-0SJTSFI" failures="0" tests="1" name="Diana.hotelsCustomer" time="79.859" errors="0" timestamp="05 ene 2023 16:31:11 GMT" skipped="0">
  <testcase classname="Diana.hotelsCustomer" name="travel" time="79.859"/>
</testsuite> <!-- Diana.hotelsCustomer -->
