<?xml version="1.0" encoding="UTF-8"?>
<!-- Generated by org.testng.reporters.JUnitReportReporter -->
<testsuite hostname="LAPTOP-U7M65HQ6" failures="0" tests="1" name="IrisRodriguez.scrip1" time="44.400" errors="0" timestamp="19 Jan 2023 19:09:30 GMT" skipped="0">
  <testcase classname="IrisRodriguez.scrip1" name="ShoppingHome" time="44.400"/>
</testsuite> <!-- IrisRodriguez.scrip1 -->
