<?xml version="1.0" encoding="UTF-8"?>
<!-- Generated by org.testng.reporters.JUnitReportReporter -->
<testsuite hostname="DESKTOP-RGNEG05" failures="0" tests="1" name="Diana.hotelsCustomer" time="84.763" errors="0" timestamp="17 ene. 2023 00:19:49 GMT" skipped="0">
  <testcase classname="Diana.hotelsCustomer" name="travel" time="84.763"/>
</testsuite> <!-- Diana.hotelsCustomer -->
